<?xml version="1.0" encoding="UTF-8"?>
<testng-results skipped="0" failed="0" total="1" passed="1">
  <reporter-output>
  </reporter-output>
  <suite name="Default suite" duration-ms="72848" started-at="2016-11-22T08:36:01Z" finished-at="2016-11-22T08:37:14Z">
    <groups>
    </groups>
    <test name="Default test" duration-ms="72848" started-at="2016-11-22T08:36:01Z" finished-at="2016-11-22T08:37:14Z">
      <class name="test.Tests">
        <test-method status="PASS" signature="setUp()[pri:0, instance:test.Tests@5afa04c]" name="setUp" is-config="true" duration-ms="9718" started-at="2016-11-22T10:36:01Z" finished-at="2016-11-22T10:36:10Z">
          <reporter-output>
          </reporter-output>
        </test-method> <!-- setUp -->
        <test-method status="PASS" signature="clicks()[pri:0, instance:test.Tests@5afa04c]" name="clicks" duration-ms="62109" started-at="2016-11-22T10:36:10Z" finished-at="2016-11-22T10:37:13Z">
          <reporter-output>
          </reporter-output>
        </test-method> <!-- clicks -->
        <test-method status="PASS" signature="closeBrowser()[pri:0, instance:test.Tests@5afa04c]" name="closeBrowser" is-config="true" duration-ms="997" started-at="2016-11-22T10:37:13Z" finished-at="2016-11-22T10:37:14Z">
          <reporter-output>
          </reporter-output>
        </test-method> <!-- closeBrowser -->
      </class> <!-- test.Tests -->
    </test> <!-- Default test -->
  </suite> <!-- Default suite -->
</testng-results>
